{"name": "test_Approval_Split", "status": "broken", "statusDetails": {"message": "selenium.common.exceptions.TimeoutException: Message:", "trace": "self = <TestCases.test_TC_012_Approval.Test_Approvals object at 0x00000177EAE45310>\nsetup = <selenium.webdriver.chrome.webdriver.WebDriver (session=\"f7f4f6c5e276dd577082ac1be26e72e1\")>\n\n    @pytest.mark.Split\n    def test_Approval_Split(self, setup):\n        self.lgrObj = Logger.logGen('TC_012_3')\n        self.lgrObj.info(\"#################################################################\")\n        self.lgrObj.info(\"         TC_012_3: Approvals Reg Cart Turbo Pricing              \")\n        self.lgrObj.info(\"#################################################################\")\n    \n        self.lgrObj.info(\"---------- Login to the Application\")\n        self.driver = setup\n        self.driver.get(self.baseUrl)\n        self.lgnObj = loginPage(self.driver)\n        self.lgnObj.setUsername(self.UserName)\n        self.lgnObj.setPassword(self.Password)\n        self.lgnObj.clickLoginButton()\n        self.driver.maximize_window()\n        self.lgrObj.info(\"---------- Switch to Lightning if not set\")\n        self.HomePageObj = HomePage(self.driver)\n        self.HomePageObj.switchToLightning()\n    \n        hmpageObj = HomePage(self.driver)\n        hmpageObj.switchToLightning()\n    \n        self.lgrObj.info(\"---------- Create a new Proposal\")\n        hmpageObj.ClickSearchAppsIcon()\n        # td_AppToSearchSelect=\n        appToSearchFor = XLUtils.readData(self.file, 'TC_012', 2, 2)\n        hmpageObj.SearchAndClickApp(appToSearchFor)\n    \n        # Set up Object for Proposal Tab Page object class\n        PropsPageObj = ProposalDetailPage(self.driver)\n    \n        # Click on New button to go to Create Proposal Edit page\n        PropsPageObj.ClickProposalPageButton('New')\n        # CLick Next in the Record Type Dialog Box\n        PropsPageObj.DialogAcceptOrCancel('Next')\n    \n        self.lgrObj.info(\"---------- Set Proposal Fields\")\n        # Set QTC Profile\n>       PropsPageObj.SetProposalField('QTC Profile', 'Split')\n\nTestCases\\test_TC_012_Approval.py:388: \n_ _ _ _ _ _ _ _ _ _ _ _ _ _ _ _ _ _ _ _ _ _ _ _ _ _ _ _ _ _ _ _ _ _ _ _ _ _ _ _\npageObjects\\ProposalDetailPage.py:96: in SetProposalField\n    SplitOptnEl = WebDriverWait(self.driver, 60).until(EC.element_to_be_clickable((By.XPATH,SplitPath)))\n_ _ _ _ _ _ _ _ _ _ _ _ _ _ _ _ _ _ _ _ _ _ _ _ _ _ _ _ _ _ _ _ _ _ _ _ _ _ _ _\n\nself = <selenium.webdriver.support.wait.WebDriverWait (session=\"f7f4f6c5e276dd577082ac1be26e72e1\")>\nmethod = <selenium.webdriver.support.expected_conditions.element_to_be_clickable object at 0x00000177EAD4F1C0>\nmessage = ''\n\n    def until(self, method, message=''):\n        \"\"\"Calls the method provided with the driver as an argument until the \\\n        return value is not False.\"\"\"\n        screen = None\n        stacktrace = None\n    \n        end_time = time.time() + self._timeout\n        while True:\n            try:\n                value = method(self._driver)\n                if value:\n                    return value\n            except self._ignored_exceptions as exc:\n                screen = getattr(exc, 'screen', None)\n                stacktrace = getattr(exc, 'stacktrace', None)\n            time.sleep(self._poll)\n            if time.time() > end_time:\n                break\n>       raise TimeoutException(message, screen, stacktrace)\nE       selenium.common.exceptions.TimeoutException: Message:\n\n..\\..\\appdata\\local\\programs\\python\\python39\\lib\\site-packages\\selenium\\webdriver\\support\\wait.py:80: TimeoutException"}, "start": 1612209366790, "stop": 1612209457534, "uuid": "2bbe0038-2222-4bf7-aab8-113a370ec787", "historyId": "26bd7b5699cbeac9d3abd3f69d144b5a", "testCaseId": "b468eae8bb29e568ad6ec0919031bd8b", "fullName": "test_TC_012_Approval.Test_Approvals#test_Approval_Split", "labels": [{"name": "tag", "value": "Split"}, {"name": "suite", "value": "test_TC_012_Approval"}, {"name": "subSuite", "value": "Test_Approvals"}, {"name": "host", "value": "L005891"}, {"name": "thread", "value": "25720-MainThread"}, {"name": "framework", "value": "pytest"}, {"name": "language", "value": "cpython3"}, {"name": "package", "value": "test_TC_012_Approval"}]}