{"name": "test_CreateDirectProposal", "status": "broken", "statusDetails": {"message": "selenium.common.exceptions.TimeoutException: Message:", "trace": "self = <TestCases.test_TC_002_ProposalCreation.Test_CreateProposal object at 0x0000019E8E4C2FA0>\nsetup = <selenium.webdriver.chrome.webdriver.WebDriver (session=\"c47d9cf35bc0eb12f1b65d04014b4bba\")>\n\n    @pytest.mark.RegularPricing\n    def test_CreateDirectProposal(self,setup):\n        # Create a Logger Object\n        self.lgrObj = Logger.logGen('TC_002_2')\n        self.driver=setup\n        self.lgrObj.info(\"#################################################################\")\n        self.lgrObj.info(\"           TC_002_2: Test Direct Proposal Creation                 \")\n        self.lgrObj.info(\"#################################################################\")\n    \n        self.driver.get(self.baseUrl)\n        # Set up object for Login page object class\n        self.lgnObj = loginPage(self.driver)\n        self.lgnObj.setUsername(self.UserName)\n        self.lgnObj.setPassword(self.Password)\n        self.lgnObj.clickLoginButton()\n        self.driver.maximize_window()\n    \n        # Set up object for Home Page object class\n        hmpageObj = HomePage(self.driver)\n        hmpageObj.switchToLightning()\n    \n        # Search Proposal App\n>       hmpageObj.ClickSearchAppsIcon()\n\nTestCases\\test_TC_002_ProposalCreation.py:113: \n_ _ _ _ _ _ _ _ _ _ _ _ _ _ _ _ _ _ _ _ _ _ _ _ _ _ _ _ _ _ _ _ _ _ _ _ _ _ _ _\npageObjects\\HomeTab.py:26: in ClickSearchAppsIcon\n    IconSearchApp=WebDriverWait(self.driver, 60).until(EC.presence_of_element_located((By.XPATH, self.Icon_SearchApps_Xpath)))\n_ _ _ _ _ _ _ _ _ _ _ _ _ _ _ _ _ _ _ _ _ _ _ _ _ _ _ _ _ _ _ _ _ _ _ _ _ _ _ _\n\nself = <selenium.webdriver.support.wait.WebDriverWait (session=\"c47d9cf35bc0eb12f1b65d04014b4bba\")>\nmethod = <selenium.webdriver.support.expected_conditions.presence_of_element_located object at 0x0000019E8E461D90>\nmessage = ''\n\n    def until(self, method, message=''):\n        \"\"\"Calls the method provided with the driver as an argument until the \\\n        return value is not False.\"\"\"\n        screen = None\n        stacktrace = None\n    \n        end_time = time.time() + self._timeout\n        while True:\n            try:\n                value = method(self._driver)\n                if value:\n                    return value\n            except self._ignored_exceptions as exc:\n                screen = getattr(exc, 'screen', None)\n                stacktrace = getattr(exc, 'stacktrace', None)\n            time.sleep(self._poll)\n            if time.time() > end_time:\n                break\n>       raise TimeoutException(message, screen, stacktrace)\nE       selenium.common.exceptions.TimeoutException: Message:\n\n..\\..\\appdata\\local\\programs\\python\\python39\\lib\\site-packages\\selenium\\webdriver\\support\\wait.py:80: TimeoutException"}, "start": 1612286734194, "stop": 1612286800236, "uuid": "b14e1c0f-495c-4ee9-a336-172f0246669a", "historyId": "afd29a9854ee880b58d106c9c652e5cb", "testCaseId": "447f3685f9e6d49a9b315274652d4a11", "fullName": "test_TC_002_ProposalCreation.Test_CreateProposal#test_CreateDirectProposal", "labels": [{"name": "tag", "value": "RegularPricing"}, {"name": "suite", "value": "test_TC_002_ProposalCreation"}, {"name": "subSuite", "value": "Test_CreateProposal"}, {"name": "host", "value": "L005891"}, {"name": "thread", "value": "33516-MainThread"}, {"name": "framework", "value": "pytest"}, {"name": "language", "value": "cpython3"}, {"name": "package", "value": "test_TC_002_ProposalCreation"}]}