{"name": "test_CreateProposalFromOppty", "status": "broken", "statusDetails": {"message": "selenium.common.exceptions.TimeoutException: Message:", "trace": "self = <TestCases.test_TC_002_ProposalCreation.Test_CreateProposal object at 0x0000019E8E807B20>\nsetup = <selenium.webdriver.chrome.webdriver.WebDriver (session=\"9eb79603ca9e0c656eb508ad17436468\")>\n\n    @pytest.mark.RegularPricing\n    # Define method to verify Proposal Creation from Opportunity\n    def test_CreateProposalFromOppty(self,setup):\n        # Create a Logger Object\n        self.lgrObj = Logger.logGen('TC_002_1')\n        self.driver=setup\n        self.lgrObj.info(\"#################################################################\")\n        self.lgrObj.info(\"           TC_002_1: Test Proposal Creation from Opportunity     \")\n        self.lgrObj.info(\"#################################################################\")\n        self.driver.get(self.baseUrl)\n    \n        # Set up object for Login page object class\n        self.lgnObj=loginPage(self.driver)\n        self.lgnObj.setUsername(self.UserName)\n        self.lgnObj.setPassword(self.Password)\n        self.lgnObj.clickLoginButton()\n        self.driver.maximize_window()\n    \n        # Set up object for Home page object class\n        hmpageObj = HomePage(self.driver)\n        hmpageObj.switchToLightning()\n    \n        #self.lgrObj.info(\"Home Page: Search and then select an Opportunity MN-2020 Opportunity\")\n>       hmpageObj.ClickSearchAppsIcon()\n\nTestCases\\test_TC_002_ProposalCreation.py:50: \n_ _ _ _ _ _ _ _ _ _ _ _ _ _ _ _ _ _ _ _ _ _ _ _ _ _ _ _ _ _ _ _ _ _ _ _ _ _ _ _\npageObjects\\HomeTab.py:26: in ClickSearchAppsIcon\n    IconSearchApp=WebDriverWait(self.driver, 60).until(EC.presence_of_element_located((By.XPATH, self.Icon_SearchApps_Xpath)))\n_ _ _ _ _ _ _ _ _ _ _ _ _ _ _ _ _ _ _ _ _ _ _ _ _ _ _ _ _ _ _ _ _ _ _ _ _ _ _ _\n\nself = <selenium.webdriver.support.wait.WebDriverWait (session=\"9eb79603ca9e0c656eb508ad17436468\")>\nmethod = <selenium.webdriver.support.expected_conditions.presence_of_element_located object at 0x0000019E8E807DC0>\nmessage = ''\n\n    def until(self, method, message=''):\n        \"\"\"Calls the method provided with the driver as an argument until the \\\n        return value is not False.\"\"\"\n        screen = None\n        stacktrace = None\n    \n        end_time = time.time() + self._timeout\n        while True:\n            try:\n                value = method(self._driver)\n                if value:\n                    return value\n            except self._ignored_exceptions as exc:\n                screen = getattr(exc, 'screen', None)\n                stacktrace = getattr(exc, 'stacktrace', None)\n            time.sleep(self._poll)\n            if time.time() > end_time:\n                break\n>       raise TimeoutException(message, screen, stacktrace)\nE       selenium.common.exceptions.TimeoutException: Message:\n\n..\\..\\appdata\\local\\programs\\python\\python39\\lib\\site-packages\\selenium\\webdriver\\support\\wait.py:80: TimeoutException"}, "start": 1612286664454, "stop": 1612286730821, "uuid": "d6bffe61-c7ce-461b-b3eb-37f5ea7390fa", "historyId": "2d21798c23dd38c261e861fa1d31d7e8", "testCaseId": "dac5799236c70b4cd7da449ff1d832f5", "fullName": "test_TC_002_ProposalCreation.Test_CreateProposal#test_CreateProposalFromOppty", "labels": [{"name": "tag", "value": "RegularPricing"}, {"name": "suite", "value": "test_TC_002_ProposalCreation"}, {"name": "subSuite", "value": "Test_CreateProposal"}, {"name": "host", "value": "L005891"}, {"name": "thread", "value": "33516-MainThread"}, {"name": "framework", "value": "pytest"}, {"name": "language", "value": "cpython3"}, {"name": "package", "value": "test_TC_002_ProposalCreation"}]}