{
  "uid" : "35fb07795cacd39a",
  "name" : "test_Prop2Agrmnt_EnterpriseClassic",
  "fullName" : "test_TC_010_Proposal_Finalize_Generate_Accept_Create_Agreement.Test_Proposal_To_Agreement_Flow#test_Prop2Agrmnt_EnterpriseClassic",
  "historyId" : "588402535756ceb13f9e060e0d86a05c",
  "time" : {
    "start" : 1612208669201,
    "stop" : 1612208762052,
    "duration" : 92851
  },
  "status" : "broken",
  "statusMessage" : "selenium.common.exceptions.TimeoutException: Message:",
  "statusTrace" : "self = <TestCases.test_TC_010_Proposal_Finalize_Generate_Accept_Create_Agreement.Test_Proposal_To_Agreement_Flow object at 0x00000177EAC4AB80>\nsetup = <selenium.webdriver.chrome.webdriver.WebDriver (session=\"1b6e893ef1e21b72fad6b7722c5c6f0d\")>\n\n    @pytest.mark.EnterpriseRegularPricing\n    def test_Prop2Agrmnt_EnterpriseClassic(self, setup):\n        self.lgrObj = Logger.logGen('TC_010_4')\n        self.lgrObj.info(\"######################################################################\")\n        self.lgrObj.info(\"  TC_010_4: Proposal_To_Agreement flow (Enterprise Cart Reg Pricing   \")\n        self.lgrObj.info(\"######################################################################\")\n    \n        self.lgrObj.info(\"---------- Login to the Application\")\n        self.driver = setup\n        self.driver.get(self.baseUrl)\n        self.lgnObj = loginPage(self.driver)\n        self.lgnObj.setUsername(self.UserName)\n        self.lgnObj.setPassword(self.Password)\n        self.lgnObj.clickLoginButton()\n        self.driver.maximize_window()\n        self.lgrObj.info(\"---------- Switch to Lightning if not set\")\n        self.HomePageObj = HomePage(self.driver)\n        self.HomePageObj.switchToLightning()\n    \n        hmpageObj = HomePage(self.driver)\n        hmpageObj.switchToLightning()\n    \n        self.lgrObj.info(\"---------- Create a new Proposal\")\n        hmpageObj.ClickSearchAppsIcon()\n        # td_AppToSearchSelect=\n        appToSearchFor = XLUtils.readData(self.file, 'TC_010', 2, 2)\n        hmpageObj.SearchAndClickApp(appToSearchFor)\n    \n        # Set up Object for Proposal Tab Page object class\n        PropsPageObj = ProposalDetailPage(self.driver)\n    \n        # Click on New button to go to Create Proposal Edit page\n        PropsPageObj.ClickProposalPageButton('New')\n        # CLick Next in the Record Type Dialog Box\n        PropsPageObj.DialogAcceptOrCancel('Next')\n    \n        self.lgrObj.info(\"---------- Set Proposal Fields\")\n        # Set QTC Profile\n>       PropsPageObj.SetProposalField('QTC Profile','Enterprise')\n\nTestCases\\test_TC_010_Proposal_Finalize_Generate_Accept_Create_Agreement.py:715: \n_ _ _ _ _ _ _ _ _ _ _ _ _ _ _ _ _ _ _ _ _ _ _ _ _ _ _ _ _ _ _ _ _ _ _ _ _ _ _ _\npageObjects\\ProposalDetailPage.py:114: in SetProposalField\n    EntrprsEle = WebDriverWait(self.driver, 60).until(EC.element_to_be_clickable((By.XPATH, EntrprsPath)))\n_ _ _ _ _ _ _ _ _ _ _ _ _ _ _ _ _ _ _ _ _ _ _ _ _ _ _ _ _ _ _ _ _ _ _ _ _ _ _ _\n\nself = <selenium.webdriver.support.wait.WebDriverWait (session=\"1b6e893ef1e21b72fad6b7722c5c6f0d\")>\nmethod = <selenium.webdriver.support.expected_conditions.element_to_be_clickable object at 0x00000177EAC4AD00>\nmessage = ''\n\n    def until(self, method, message=''):\n        \"\"\"Calls the method provided with the driver as an argument until the \\\n        return value is not False.\"\"\"\n        screen = None\n        stacktrace = None\n    \n        end_time = time.time() + self._timeout\n        while True:\n            try:\n                value = method(self._driver)\n                if value:\n                    return value\n            except self._ignored_exceptions as exc:\n                screen = getattr(exc, 'screen', None)\n                stacktrace = getattr(exc, 'stacktrace', None)\n            time.sleep(self._poll)\n            if time.time() > end_time:\n                break\n>       raise TimeoutException(message, screen, stacktrace)\nE       selenium.common.exceptions.TimeoutException: Message:\n\n..\\..\\appdata\\local\\programs\\python\\python39\\lib\\site-packages\\selenium\\webdriver\\support\\wait.py:80: TimeoutException",
  "flaky" : false,
  "newFailed" : false,
  "beforeStages" : [ {
    "name" : "setup",
    "time" : {
      "start" : 1612208665825,
      "stop" : 1612208669201,
      "duration" : 3376
    },
    "status" : "passed",
    "steps" : [ ],
    "attachments" : [ ],
    "parameters" : [ ],
    "shouldDisplayMessage" : false,
    "attachmentsCount" : 0,
    "stepsCount" : 0,
    "hasContent" : false
  } ],
  "afterStages" : [ ],
  "labels" : [ {
    "name" : "tag",
    "value" : "EnterpriseRegularPricing"
  }, {
    "name" : "suite",
    "value" : "test_TC_010_Proposal_Finalize_Generate_Accept_Create_Agreement"
  }, {
    "name" : "subSuite",
    "value" : "Test_Proposal_To_Agreement_Flow"
  }, {
    "name" : "host",
    "value" : "L005891"
  }, {
    "name" : "thread",
    "value" : "25720-MainThread"
  }, {
    "name" : "framework",
    "value" : "pytest"
  }, {
    "name" : "language",
    "value" : "cpython3"
  }, {
    "name" : "package",
    "value" : "test_TC_010_Proposal_Finalize_Generate_Accept_Create_Agreement"
  }, {
    "name" : "resultFormat",
    "value" : "allure2"
  } ],
  "parameters" : [ ],
  "links" : [ ],
  "hidden" : false,
  "retry" : false,
  "extra" : {
    "severity" : "normal",
    "retries" : [ ],
    "categories" : [ {
      "name" : "Test defects",
      "matchedStatuses" : [ ],
      "flaky" : false
    } ],
    "tags" : [ "EnterpriseRegularPricing" ]
  },
  "source" : "35fb07795cacd39a.json",
  "parameterValues" : [ ]
}