{
  "uid" : "59cd68d9d5cd5965",
  "name" : "test_CartCopyAction_Split",
  "fullName" : "test_TC_004_TestCopyActionOnCart.Test_CartCopyAction#test_CartCopyAction_Split",
  "historyId" : "9bad0bb914f43a5c8e587f7c47a8027d",
  "time" : {
    "start" : 1612204856066,
    "stop" : 1612204949902,
    "duration" : 93836
  },
  "status" : "broken",
  "statusMessage" : "selenium.common.exceptions.TimeoutException: Message:",
  "statusTrace" : "self = <TestCases.test_TC_004_TestCopyActionOnCart.Test_CartCopyAction object at 0x00000177EAD40310>\nsetup = <selenium.webdriver.chrome.webdriver.WebDriver (session=\"78c38b5a81c9436b2ea5e4cd64460a2b\")>\n\n    @pytest.mark.Split\n    def test_CartCopyAction_Split(self,setup):\n        # Create a Logger Object\n        self.lgrObj = Logger.logGen('TC_004_2')\n        self.lgrObj.info(\"#################################################################\")\n        self.lgrObj.info(\"    TC_004_2: Cart - Copy Action Split Cart - Async Pricing      \")\n        self.lgrObj.info(\"#################################################################\")\n    \n        self.driver=setup\n    \n        self.lgrObj.info(\"---------- Login to the application\")\n        # Set up Object for Login Page Object # Set User Name, Password\n        self.driver.get(self.baseUrl)\n        self.lgnObj = loginPage(self.driver)\n        self.lgnObj.setUsername(self.UserName)\n        self.lgnObj.setPassword(self.Password)\n        self.lgnObj.clickLoginButton()\n        self.driver.maximize_window()\n    \n        # Switch to Lightning\n        hmpageObj = HomePage(self.driver)\n        hmpageObj.switchToLightning()\n        self.lgrObj.info(\"---------- Create a new Proposal\")\n        hmpageObj.ClickSearchAppsIcon()\n        # td_AppToSearchSelect=\n        appToSearchFor = XLUtils.readData(self.file, 'TC_004', 2, 2)\n        hmpageObj.SearchAndClickApp(appToSearchFor)\n        # Set up Object for Proposal Tab Page object class\n        PropsPageObj = ProposalDetailPage(self.driver)\n    \n        # Click on New button to go to Create Proposal Edit page\n        PropsPageObj.ClickProposalPageButton('New')\n        # CLick Next in the Record Type Dialog Box\n        PropsPageObj.DialogAcceptOrCancel('Next')\n    \n        self.lgrObj.info(\"---------- Set Proposal Fields ----------\")\n        # Set QTC Profile\n>       PropsPageObj.SetProposalField('QTC Profile', 'Split')\n\nTestCases\\test_TC_004_TestCopyActionOnCart.py:182: \n_ _ _ _ _ _ _ _ _ _ _ _ _ _ _ _ _ _ _ _ _ _ _ _ _ _ _ _ _ _ _ _ _ _ _ _ _ _ _ _\npageObjects\\ProposalDetailPage.py:96: in SetProposalField\n    SplitOptnEl = WebDriverWait(self.driver, 60).until(EC.element_to_be_clickable((By.XPATH,SplitPath)))\n_ _ _ _ _ _ _ _ _ _ _ _ _ _ _ _ _ _ _ _ _ _ _ _ _ _ _ _ _ _ _ _ _ _ _ _ _ _ _ _\n\nself = <selenium.webdriver.support.wait.WebDriverWait (session=\"78c38b5a81c9436b2ea5e4cd64460a2b\")>\nmethod = <selenium.webdriver.support.expected_conditions.element_to_be_clickable object at 0x00000177EADFE2E0>\nmessage = ''\n\n    def until(self, method, message=''):\n        \"\"\"Calls the method provided with the driver as an argument until the \\\n        return value is not False.\"\"\"\n        screen = None\n        stacktrace = None\n    \n        end_time = time.time() + self._timeout\n        while True:\n            try:\n                value = method(self._driver)\n                if value:\n                    return value\n            except self._ignored_exceptions as exc:\n                screen = getattr(exc, 'screen', None)\n                stacktrace = getattr(exc, 'stacktrace', None)\n            time.sleep(self._poll)\n            if time.time() > end_time:\n                break\n>       raise TimeoutException(message, screen, stacktrace)\nE       selenium.common.exceptions.TimeoutException: Message:\n\n..\\..\\appdata\\local\\programs\\python\\python39\\lib\\site-packages\\selenium\\webdriver\\support\\wait.py:80: TimeoutException",
  "flaky" : false,
  "newFailed" : false,
  "beforeStages" : [ {
    "name" : "setup",
    "time" : {
      "start" : 1612204852644,
      "stop" : 1612204856065,
      "duration" : 3421
    },
    "status" : "passed",
    "steps" : [ ],
    "attachments" : [ ],
    "parameters" : [ ],
    "shouldDisplayMessage" : false,
    "attachmentsCount" : 0,
    "stepsCount" : 0,
    "hasContent" : false
  } ],
  "afterStages" : [ ],
  "labels" : [ {
    "name" : "tag",
    "value" : "Split"
  }, {
    "name" : "suite",
    "value" : "test_TC_004_TestCopyActionOnCart"
  }, {
    "name" : "subSuite",
    "value" : "Test_CartCopyAction"
  }, {
    "name" : "host",
    "value" : "L005891"
  }, {
    "name" : "thread",
    "value" : "25720-MainThread"
  }, {
    "name" : "framework",
    "value" : "pytest"
  }, {
    "name" : "language",
    "value" : "cpython3"
  }, {
    "name" : "package",
    "value" : "test_TC_004_TestCopyActionOnCart"
  }, {
    "name" : "resultFormat",
    "value" : "allure2"
  } ],
  "parameters" : [ ],
  "links" : [ ],
  "hidden" : false,
  "retry" : false,
  "extra" : {
    "severity" : "normal",
    "retries" : [ ],
    "categories" : [ {
      "name" : "Test defects",
      "matchedStatuses" : [ ],
      "flaky" : false
    } ],
    "tags" : [ "Split" ]
  },
  "source" : "59cd68d9d5cd5965.json",
  "parameterValues" : [ ]
}